Arguments: 
  /usr/local/bin/node /Users/code/.yarn/bin/yarn.js init-y

PATH: 
  /Users/code/.yarn/bin:/Users/code/.config/yarn/global/node_modules/.bin:/usr/local/bin:/usr/bin:/bin:/usr/sbin:/sbin

Yarn version: 
  1.5.1

Node version: 
  9.7.1

Platform: 
  darwin x64

npm manifest: 
  No manifest

yarn manifest: 
  No manifest

Lockfile: 
  No lockfile

Trace: 
  Error: Couldn't find a package.json file in "/Users/code/Desktop/OneDrive/GitHub/vuejs/login-vue"
      at new MessageError (/Users/code/.yarn/lib/cli.js:186:110)
      at /Users/code/.yarn/lib/cli.js:40048:15
      at Generator.next (<anonymous>)
      at step (/Users/code/.yarn/lib/cli.js:98:30)
      at /Users/code/.yarn/lib/cli.js:109:13
      at <anonymous>
